0 verbose cli /usr/bin/node /usr/bin/npm
1 info using npm@10.8.2
2 info using node@v20.19.6
3 silly config load:file:/usr/lib/node_modules/npm/npmrc
4 silly config load:file:/root/.npmrc
5 silly config load:file:/mnt/c/Users/erkan/AppData/Roaming/npm/etc/npmrc
6 verbose title npm ls
7 verbose argv "--prefix" "/mnt/c/Users/erkan/AppData/Roaming/npm" "ls" "--global" "--depth" "0"
8 verbose logfile logs-max:10 dir:/mnt/d/caner/Can/arvesta/D:\npm-cache/_logs/2026-03-10T10_50_58_519Z-
9 verbose logfile /mnt/d/caner/Can/arvesta/D:\npm-cache/_logs/2026-03-10T10_50_58_519Z-debug-0.log
10 silly packumentCache heap:2107899904 maxSize:526974976 maxEntrySize:263487488
11 silly logfile done cleaning log files
12 verbose stack Error: ENOENT: no such file or directory, lstat '/mnt/c/Users/erkan/AppData/Roaming/npm/lib'
12 verbose stack     at async lstat (node:internal/fs/promises:1025:18)
12 verbose stack     at async #loadActual (/usr/lib/node_modules/npm/node_modules/@npmcli/arborist/lib/arborist/load-actual.js:112:20)
12 verbose stack     at async LS.initTree (/usr/lib/node_modules/npm/lib/commands/ls.js:213:18)
12 verbose stack     at async LS.exec (/usr/lib/node_modules/npm/lib/commands/ls.js:73:18)
12 verbose stack     at async Npm.exec (/usr/lib/node_modules/npm/lib/npm.js:207:9)
12 verbose stack     at async module.exports (/usr/lib/node_modules/npm/lib/cli/entry.js:74:5)
13 error code ENOENT
14 error syscall lstat
15 error path /mnt/c/Users/erkan/AppData/Roaming/npm/lib
16 error errno -2
17 error enoent ENOENT: no such file or directory, lstat '/mnt/c/Users/erkan/AppData/Roaming/npm/lib'
18 error enoent This is related to npm not being able to find a file.
18 error enoent
19 verbose cwd /mnt/d/caner/Can/arvesta
20 verbose os Linux 5.10.102.1-microsoft-standard-WSL2
21 verbose node v20.19.6
22 verbose npm  v10.8.2
23 verbose exit -2
24 verbose code -2
25 error A complete log of this run can be found in: /mnt/d/caner/Can/arvesta/D:\npm-cache/_logs/2026-03-10T10_50_58_519Z-debug-0.log
